#
# There is insufficient memory for the Java Runtime Environment to continue.
# Native memory allocation (mmap) failed to map 19922944 bytes for G1 virtual space
# Possible reasons:
#   The system is out of physical RAM or swap space
#   The process is running with CompressedOops enabled, and the Java Heap may be blocking the growth of the native heap
# Possible solutions:
#   Reduce memory load on the system
#   Increase physical memory or swap space
#   Check if swap backing store is full
#   Decrease Java heap size (-Xmx/-Xms)
#   Decrease number of Java threads
#   Decrease Java thread stack sizes (-Xss)
#   Set larger code cache with -XX:ReservedCodeCacheSize=
#   JVM is running with Unscaled Compressed Oops mode in which the Java heap is
#     placed in the first 4GB address space. The Java Heap base address is the
#     maximum limit for the native heap growth. Please use -XX:HeapBaseMinAddress
#     to set the Java Heap base and to place the Java Heap above 4GB virtual address.
# This output file may be truncated or incomplete.
#
#  Out of Memory Error (os_windows.cpp:3769), pid=10048, tid=26040
#
# JRE version: OpenJDK Runtime Environment (17.0.6) (build 17.0.6+0-b2043.56-9586694)
# Java VM: OpenJDK 64-Bit Server VM (17.0.6+0-b2043.56-9586694, mixed mode, tiered, compressed oops, compressed class ptrs, g1 gc, windows-amd64)
# No core dump will be written. Minidumps are not enabled by default on client versions of Windows
#

---------------  S U M M A R Y ------------

Command Line: org.jetbrains.kotlin.cli.jvm.K2JVMCompiler @E:\MVI\app\build\20230718_14259001835094233957.compiler.options

Host: AMD Ryzen 5 3500U with Radeon Vega Mobile Gfx  , 8 cores, 6G,  Windows 11 , 64 bit Build 22621 (10.0.22621.1928)
Time: Tue Jul 18 21:14:51 2023 India Standard Time elapsed time: 5.830933 seconds (0d 0h 0m 5s)

---------------  T H R E A D  ---------------

Current thread (0x000001da474be930):  VMThread "VM Thread" [stack: 0x00000030e3300000,0x00000030e3400000] [id=26040]

Stack: [0x00000030e3300000,0x00000030e3400000]
Native frames: (J=compiled Java code, j=interpreted, Vv=VM code, C=native code)
V  [jvm.dll+0x683b4a]
V  [jvm.dll+0x842654]
V  [jvm.dll+0x843dfe]
V  [jvm.dll+0x844463]
V  [jvm.dll+0x249b75]
V  [jvm.dll+0x680a19]
V  [jvm.dll+0x674f0a]
V  [jvm.dll+0x309acb]
V  [jvm.dll+0x310f86]
V  [jvm.dll+0x3608ee]
V  [jvm.dll+0x360b1f]
V  [jvm.dll+0x2dfbf8]
V  [jvm.dll+0x2ddec4]
V  [jvm.dll+0x2dd4cc]
V  [jvm.dll+0x321f3b]
V  [jvm.dll+0x84893b]
V  [jvm.dll+0x849674]
V  [jvm.dll+0x849b8d]
V  [jvm.dll+0x849f64]
V  [jvm.dll+0x84a030]
V  [jvm.dll+0x7f25fa]
V  [jvm.dll+0x682985]
C  [ucrtbase.dll+0x29363]
C  [KERNEL32.DLL+0x126ad]
C  [ntdll.dll+0x5aa68]

VM_Operation (0x00000030e2dfc030): G1CollectForAllocation, mode: safepoint, requested by thread 0x000001da2c0e6b30


---------------  P R O C E S S  ---------------

Threads class SMR info:
_java_thread_list=0x000001da48555530, length=13, elements={
0x000001da2c0e6b30, 0x000001da474c2400, 0x000001da474c2fb0, 0x000001da48015be0,
0x000001da480188b0, 0x000001da4801b180, 0x000001da4801ba40, 0x000001da4801c630,
0x000001da480397e0, 0x000001da4803b0f0, 0x000001da481881b0, 0x000001da4819a960,
0x000001da4bb104e0
}

Java Threads: ( => current thread )
  0x000001da2c0e6b30 JavaThread "main" [_thread_blocked, id=7244, stack(0x00000030e2d00000,0x00000030e2e00000)]
  0x000001da474c2400 JavaThread "Reference Handler" daemon [_thread_blocked, id=2972, stack(0x00000030e3400000,0x00000030e3500000)]
  0x000001da474c2fb0 JavaThread "Finalizer" daemon [_thread_blocked, id=18816, stack(0x00000030e3500000,0x00000030e3600000)]
  0x000001da48015be0 JavaThread "Signal Dispatcher" daemon [_thread_blocked, id=20184, stack(0x00000030e3600000,0x00000030e3700000)]
  0x000001da480188b0 JavaThread "Attach Listener" daemon [_thread_blocked, id=25940, stack(0x00000030e3700000,0x00000030e3800000)]
  0x000001da4801b180 JavaThread "Service Thread" daemon [_thread_blocked, id=18024, stack(0x00000030e3800000,0x00000030e3900000)]
  0x000001da4801ba40 JavaThread "Monitor Deflation Thread" daemon [_thread_blocked, id=21484, stack(0x00000030e3900000,0x00000030e3a00000)]
  0x000001da4801c630 JavaThread "C2 CompilerThread0" daemon [_thread_blocked, id=24300, stack(0x00000030e3a00000,0x00000030e3b00000)]
  0x000001da480397e0 JavaThread "C1 CompilerThread0" daemon [_thread_blocked, id=13924, stack(0x00000030e3b00000,0x00000030e3c00000)]
  0x000001da4803b0f0 JavaThread "Sweeper thread" daemon [_thread_blocked, id=25924, stack(0x00000030e3c00000,0x00000030e3d00000)]
  0x000001da481881b0 JavaThread "Notification Thread" daemon [_thread_blocked, id=6216, stack(0x00000030e3d00000,0x00000030e3e00000)]
  0x000001da4819a960 JavaThread "Common-Cleaner" daemon [_thread_blocked, id=15880, stack(0x00000030e3f00000,0x00000030e4000000)]
  0x000001da4bb104e0 JavaThread "C2 CompilerThread1" daemon [_thread_blocked, id=11852, stack(0x00000030e4800000,0x00000030e4900000)]

Other Threads:
=>0x000001da474be930 VMThread "VM Thread" [stack: 0x00000030e3300000,0x00000030e3400000] [id=26040]
  0x000001da48188680 WatcherThread [stack: 0x00000030e3e00000,0x00000030e3f00000] [id=7192]
  0x000001da2c13d310 GCTaskThread "GC Thread#0" [stack: 0x00000030e2e00000,0x00000030e2f00000] [id=8584]
  0x000001da487010d0 GCTaskThread "GC Thread#1" [stack: 0x00000030e4100000,0x00000030e4200000] [id=1552]
  0x000001da487a0d80 GCTaskThread "GC Thread#2" [stack: 0x00000030e4200000,0x00000030e4300000] [id=26196]
  0x000001da487b5040 GCTaskThread "GC Thread#3" [stack: 0x00000030e4300000,0x00000030e4400000] [id=13848]
  0x000001da487b52f0 GCTaskThread "GC Thread#4" [stack: 0x00000030e4400000,0x00000030e4500000] [id=17412]
  0x000001da49679580 GCTaskThread "GC Thread#5" [stack: 0x00000030e4000000,0x00000030e4100000] [id=25008]
  0x000001da496105f0 GCTaskThread "GC Thread#6" [stack: 0x00000030e4500000,0x00000030e4600000] [id=21516]
  0x000001da49610b50 GCTaskThread "GC Thread#7" [stack: 0x00000030e4600000,0x00000030e4700000] [id=26388]
  0x000001da2c14c1b0 ConcurrentGCThread "G1 Main Marker" [stack: 0x00000030e2f00000,0x00000030e3000000] [id=9524]
  0x000001da2c14d360 ConcurrentGCThread "G1 Conc#0" [stack: 0x00000030e3000000,0x00000030e3100000] [id=26564]
  0x000001da4960f070 ConcurrentGCThread "G1 Conc#1" [stack: 0x00000030e4700000,0x00000030e4800000] [id=3504]
  0x000001da2c1ae7b0 ConcurrentGCThread "G1 Refine#0" [stack: 0x00000030e3100000,0x00000030e3200000] [id=21664]
  0x000001da473155c0 ConcurrentGCThread "G1 Service" [stack: 0x00000030e3200000,0x00000030e3300000] [id=8452]

Threads with active compile tasks:
C2 CompilerThread0     5856 2851       4       jdk.internal.org.objectweb.asm.Frame::execute (2305 bytes)
C1 CompilerThread0     5856 2997       3       org.jetbrains.kotlin.metadata.ProtoBuf$ValueParameter$1::parsePartialFrom (11 bytes)
C2 CompilerThread1     5856 2995       4       org.jetbrains.kotlin.protobuf.ByteString::copyFrom (94 bytes)

VM state: at safepoint (normal execution)

VM Mutex/Monitor currently owned by a thread:  ([mutex/lock_event])
[0x000001da2c0e21e0] Threads_lock - owner thread: 0x000001da474be930
[0x000001da2c0e2ae0] Heap_lock - owner thread: 0x000001da2c0e6b30

Heap address: 0x0000000091000000, size: 1776 MB, Compressed Oops mode: 32-bit

CDS archive(s) not mapped
Compressed class space mapped at: 0x0000000100000000-0x0000000140000000, reserved size: 1073741824
Narrow klass base: 0x0000000000000000, Narrow klass shift: 3, Narrow klass range: 0x140000000

GC Precious Log:
 CPUs: 8 total, 8 available
 Memory: 7103M
 Large Page Support: Disabled
 NUMA Support: Disabled
 Compressed Oops: Enabled (32-bit)
 Heap Region Size: 1M
 Heap Min Capacity: 8M
 Heap Initial Capacity: 112M
 Heap Max Capacity: 1776M
 Pre-touch: Disabled
 Parallel Workers: 8
 Concurrent Workers: 2
 Concurrent Refinement Workers: 8
 Periodic GC: Disabled

Heap:
 garbage-first heap   total 64512K, used 29500K [0x0000000091000000, 0x0000000100000000)
  region size 1024K, 3 young (3072K), 3 survivors (3072K)
 Metaspace       used 43811K, committed 44096K, reserved 1089536K
  class space    used 5364K, committed 5504K, reserved 1048576K

Heap Regions: E=young(eden), S=young(survivor), O=old, HS=humongous(starts), HC=humongous(continues), CS=collection set, F=free, OA=open archive, CA=closed archive, TAMS=top-at-mark-start (previous, next)
|   0|0x0000000091000000, 0x0000000091100000, 0x0000000091100000|100%|HS|  |TAMS 0x0000000091100000, 0x0000000091000000| Complete 
|   1|0x0000000091100000, 0x0000000091200000, 0x0000000091200000|100%|HC|  |TAMS 0x0000000091200000, 0x0000000091100000| Complete 
|   2|0x0000000091200000, 0x0000000091300000, 0x0000000091300000|100%|HC|  |TAMS 0x0000000091300000, 0x0000000091200000| Complete 
|   3|0x0000000091300000, 0x0000000091400000, 0x0000000091400000|100%|HC|  |TAMS 0x0000000091400000, 0x0000000091300000| Complete 
|   4|0x0000000091400000, 0x0000000091500000, 0x0000000091500000|100%| O|  |TAMS 0x0000000091500000, 0x0000000091400000| Untracked 
|   5|0x0000000091500000, 0x0000000091600000, 0x0000000091600000|100%| O|  |TAMS 0x0000000091600000, 0x0000000091500000| Untracked 
|   6|0x0000000091600000, 0x0000000091700000, 0x0000000091700000|100%| O|  |TAMS 0x0000000091600000, 0x0000000091600000| Untracked 
|   7|0x0000000091700000, 0x0000000091800000, 0x0000000091800000|100%|HS|  |TAMS 0x0000000091800000, 0x0000000091700000| Complete 
|   8|0x0000000091800000, 0x0000000091900000, 0x0000000091900000|100%|HC|  |TAMS 0x0000000091900000, 0x0000000091800000| Complete 
|   9|0x0000000091900000, 0x0000000091a00000, 0x0000000091a00000|100%|HC|  |TAMS 0x0000000091a00000, 0x0000000091900000| Complete 
|  10|0x0000000091a00000, 0x0000000091b00000, 0x0000000091b00000|100%|HC|  |TAMS 0x0000000091b00000, 0x0000000091a00000| Complete 
|  11|0x0000000091b00000, 0x0000000091c00000, 0x0000000091c00000|100%| O|  |TAMS 0x0000000091c00000, 0x0000000091b00000| Untracked 
|  12|0x0000000091c00000, 0x0000000091d00000, 0x0000000091d00000|100%| O|  |TAMS 0x0000000091d00000, 0x0000000091c00000| Untracked 
|  13|0x0000000091d00000, 0x0000000091e00000, 0x0000000091e00000|100%| O|  |TAMS 0x0000000091e00000, 0x0000000091d00000| Untracked 
|  14|0x0000000091e00000, 0x0000000091f00000, 0x0000000091f00000|100%| O|  |TAMS 0x0000000091f00000, 0x0000000091e00000| Untracked 
|  15|0x0000000091f00000, 0x0000000092000000, 0x0000000092000000|100%| O|  |TAMS 0x0000000091f00000, 0x0000000091f00000| Untracked 
|  16|0x0000000092000000, 0x0000000092100000, 0x0000000092100000|100%| O|  |TAMS 0x0000000092000000, 0x0000000092000000| Untracked 
|  17|0x0000000092100000, 0x0000000092200000, 0x0000000092200000|100%| O|  |TAMS 0x0000000092200000, 0x0000000092100000| Untracked 
|  18|0x0000000092200000, 0x0000000092300000, 0x0000000092300000|100%| O|  |TAMS 0x0000000092300000, 0x0000000092200000| Untracked 
|  19|0x0000000092300000, 0x0000000092400000, 0x0000000092400000|100%| O|  |TAMS 0x0000000092400000, 0x0000000092300000| Untracked 
|  20|0x0000000092400000, 0x0000000092500000, 0x0000000092500000|100%| O|  |TAMS 0x0000000092480000, 0x0000000092400000| Untracked 
|  21|0x0000000092500000, 0x0000000092600000, 0x0000000092600000|100%| O|  |TAMS 0x0000000092500000, 0x0000000092500000| Untracked 
|  22|0x0000000092600000, 0x0000000092700000, 0x0000000092700000|100%| O|  |TAMS 0x0000000092600000, 0x0000000092600000| Untracked 
|  23|0x0000000092700000, 0x0000000092800000, 0x0000000092800000|100%| O|  |TAMS 0x0000000092700000, 0x0000000092700000| Untracked 
|  24|0x0000000092800000, 0x0000000092900000, 0x0000000092900000|100%| O|  |TAMS 0x0000000092800000, 0x0000000092800000| Untracked 
|  25|0x0000000092900000, 0x0000000092a00000, 0x0000000092a00000|100%| O|  |TAMS 0x0000000092900000, 0x0000000092900000| Untracked 
|  26|0x0000000092a00000, 0x0000000092a00000, 0x0000000092b00000|  0%| F|  |TAMS 0x0000000092a00000, 0x0000000092a00000| Untracked 
|  27|0x0000000092b00000, 0x0000000092b00000, 0x0000000092c00000|  0%| F|  |TAMS 0x0000000092b00000, 0x0000000092b00000| Untracked 
|  28|0x0000000092c00000, 0x0000000092c00000, 0x0000000092d00000|  0%| F|  |TAMS 0x0000000092c00000, 0x0000000092c00000| Untracked 
|  29|0x0000000092d00000, 0x0000000092d00000, 0x0000000092e00000|  0%| F|  |TAMS 0x0000000092d00000, 0x0000000092d00000| Untracked 
|  30|0x0000000092e00000, 0x0000000092e00000, 0x0000000092f00000|  0%| F|  |TAMS 0x0000000092e00000, 0x0000000092e00000| Untracked 
|  31|0x0000000092f00000, 0x0000000092f00000, 0x0000000093000000|  0%| F|  |TAMS 0x0000000092f00000, 0x0000000092f00000| Untracked 
|  32|0x0000000093000000, 0x0000000093000000, 0x0000000093100000|  0%| F|  |TAMS 0x0000000093000000, 0x0000000093000000| Untracked 
|  33|0x0000000093100000, 0x0000000093100000, 0x0000000093200000|  0%| F|  |TAMS 0x0000000093100000, 0x0000000093100000| Untracked 
|  34|0x0000000093200000, 0x0000000093200000, 0x0000000093300000|  0%| F|  |TAMS 0x0000000093200000, 0x0000000093200000| Untracked 
|  35|0x0000000093300000, 0x0000000093300000, 0x0000000093400000|  0%| F|  |TAMS 0x0000000093300000, 0x0000000093300000| Untracked 
|  36|0x0000000093400000, 0x0000000093400000, 0x0000000093500000|  0%| F|  |TAMS 0x0000000093400000, 0x0000000093400000| Untracked 
|  37|0x0000000093500000, 0x00000000935cf138, 0x0000000093600000| 80%| S|CS|TAMS 0x0000000093500000, 0x0000000093500000| Complete 
|  38|0x0000000093600000, 0x0000000093700000, 0x0000000093700000|100%| S|CS|TAMS 0x0000000093600000, 0x0000000093600000| Complete 
|  39|0x0000000093700000, 0x0000000093700000, 0x0000000093800000|  0%| F|  |TAMS 0x0000000093700000, 0x0000000093700000| Untracked 
|  40|0x0000000093800000, 0x0000000093800000, 0x0000000093900000|  0%| F|  |TAMS 0x0000000093800000, 0x0000000093800000| Untracked 
|  41|0x0000000093900000, 0x0000000093900000, 0x0000000093a00000|  0%| F|  |TAMS 0x0000000093900000, 0x0000000093900000| Untracked 
|  42|0x0000000093a00000, 0x0000000093b00000, 0x0000000093b00000|100%| S|CS|TAMS 0x0000000093a00000, 0x0000000093a00000| Complete 
|  43|0x0000000093b00000, 0x0000000093b00000, 0x0000000093c00000|  0%| F|  |TAMS 0x0000000093b00000, 0x0000000093b00000| Untracked 
|  44|0x0000000093c00000, 0x0000000093c00000, 0x0000000093d00000|  0%| F|  |TAMS 0x0000000093c00000, 0x0000000093c00000| Untracked 
|  45|0x0000000093d00000, 0x0000000093d00000, 0x0000000093e00000|  0%| F|  |TAMS 0x0000000093d00000, 0x0000000093d00000| Untracked 
|  46|0x0000000093e00000, 0x0000000093e00000, 0x0000000093f00000|  0%| F|  |TAMS 0x0000000093e00000, 0x0000000093e00000| Untracked 
|  47|0x0000000093f00000, 0x0000000093f00000, 0x0000000094000000|  0%| F|  |TAMS 0x0000000093f00000, 0x0000000093f00000| Untracked 
|  48|0x0000000094000000, 0x0000000094000000, 0x0000000094100000|  0%| F|  |TAMS 0x0000000094000000, 0x0000000094000000| Untracked 
|  49|0x0000000094100000, 0x0000000094100000, 0x0000000094200000|  0%| F|  |TAMS 0x0000000094100000, 0x0000000094100000| Untracked 
|  50|0x0000000094200000, 0x0000000094200000, 0x0000000094300000|  0%| F|  |TAMS 0x0000000094200000, 0x0000000094200000| Untracked 
|  51|0x0000000094300000, 0x0000000094300000, 0x0000000094400000|  0%| F|  |TAMS 0x0000000094300000, 0x0000000094300000| Untracked 
|  52|0x0000000094400000, 0x0000000094400000, 0x0000000094500000|  0%| F|  |TAMS 0x0000000094400000, 0x0000000094400000| Untracked 
|  53|0x0000000094500000, 0x0000000094500000, 0x0000000094600000|  0%| F|  |TAMS 0x0000000094500000, 0x0000000094500000| Untracked 
|  54|0x0000000094600000, 0x0000000094600000, 0x0000000094700000|  0%| F|  |TAMS 0x0000000094600000, 0x0000000094600000| Untracked 
|  74|0x0000000095a00000, 0x0000000095a00000, 0x0000000095b00000|  0%| F|  |TAMS 0x0000000095a00000, 0x0000000095a00000| Untracked 
|  75|0x0000000095b00000, 0x0000000095b00000, 0x0000000095c00000|  0%| F|  |TAMS 0x0000000095b00000, 0x0000000095b00000| Untracked 
|  76|0x0000000095c00000, 0x0000000095c00000, 0x0000000095d00000|  0%| F|  |TAMS 0x0000000095c00000, 0x0000000095c00000| Untracked 
|  77|0x0000000095d00000, 0x0000000095d00000, 0x0000000095e00000|  0%| F|  |TAMS 0x0000000095d00000, 0x0000000095d00000| Untracked 
| 111|0x0000000097f00000, 0x0000000097f00000, 0x0000000098000000|  0%| F|  |TAMS 0x0000000097f00000, 0x0000000097f00000| Untracked 
|1773|0x00000000ffd00000, 0x00000000ffd00000, 0x00000000ffe00000|  0%| F|  |TAMS 0x00000000ffd00000, 0x00000000ffd00000| Untracked 
|1774|0x00000000ffe00000, 0x00000000ffe00000, 0x00000000fff00000|  0%| F|  |TAMS 0x00000000ffe00000, 0x00000000ffe00000| Untracked 
|1775|0x00000000fff00000, 0x00000000fff00000, 0x0000000100000000|  0%| F|  |TAMS 0x00000000fff00000, 0x00000000fff00000| Untracked 

Card table byte_map: [0x000001da40b80000,0x000001da40f00000] _byte_map_base: 0x000001da406f8000

Marking Bits (Prev, Next): (CMBitMap*) 0x000001da2c13d920, (CMBitMap*) 0x000001da2c13d960
 Prev Bits: [0x000001da41280000, 0x000001da42e40000)
 Next Bits: [0x000001da42e40000, 0x000001da44a00000)

Polling page: 0x000001da2c1b0000

Metaspace:

Usage:
  Non-class:     37.55 MB used.
      Class:      5.24 MB used.
       Both:     42.78 MB used.

Virtual space:
  Non-class space:       40.00 MB reserved,      37.69 MB ( 94%) committed,  5 nodes.
      Class space:        1.00 GB reserved,       5.38 MB ( <1%) committed,  1 nodes.
             Both:        1.04 GB reserved,      43.06 MB (  4%) committed. 

Chunk freelists:
   Non-Class:  1.62 MB
       Class:  2.67 MB
        Both:  4.30 MB

MaxMetaspaceSize: unlimited
CompressedClassSpaceSize: 1.00 GB
Initial GC threshold: 21.00 MB
Current GC threshold: 48.75 MB
CDS: off
MetaspaceReclaimPolicy: balanced
 - commit_granule_bytes: 65536.
 - commit_granule_words: 8192.
 - virtual_space_node_default_size: 1048576.
 - enlarge_chunks_in_place: 1.
 - new_chunks_are_fully_committed: 0.
 - uncommit_free_chunks: 1.
 - use_allocation_guard: 0.
 - handle_deallocations: 1.


Internal statistics:

num_allocs_failed_limit: 3.
num_arena_births: 196.
num_arena_deaths: 0.
num_vsnodes_births: 6.
num_vsnodes_deaths: 0.
num_space_committed: 689.
num_space_uncommitted: 0.
num_chunks_returned_to_freelist: 3.
num_chunks_taken_from_freelist: 1385.
num_chunk_merges: 3.
num_chunk_splits: 1105.
num_chunks_enlarged: 982.
num_purges: 0.
num_inconsistent_stats: 0.

CodeHeap 'non-profiled nmethods': size=120000Kb used=1206Kb max_used=1206Kb free=118793Kb
 bounds [0x000001da38870000, 0x000001da38ae0000, 0x000001da3fda0000]
CodeHeap 'profiled nmethods': size=120000Kb used=5382Kb max_used=5382Kb free=114617Kb
 bounds [0x000001da30da0000, 0x000001da312f0000, 0x000001da382d0000]
CodeHeap 'non-nmethods': size=5760Kb used=1274Kb max_used=1322Kb free=4485Kb
 bounds [0x000001da382d0000, 0x000001da38540000, 0x000001da38870000]
 total_blobs=3568 nmethods=2980 adapters=500
 compilation: enabled
              stopped_count=0, restarted_count=0
 full_count=0

Compilation events (20 events):
Event: 5.815 Thread 0x000001da480397e0 2986       3       org.jetbrains.kotlin.metadata.ProtoBuf$QualifiedNameTable$QualifiedName$1::parsePartialFrom (7 bytes)
Event: 5.815 Thread 0x000001da480397e0 nmethod 2986 0x000001da312dfa10 code [0x000001da312dfba0, 0x000001da312dfce8]
Event: 5.815 Thread 0x000001da480397e0 2987       3       org.jetbrains.kotlin.metadata.ProtoBuf$QualifiedNameTable$QualifiedName$1::parsePartialFrom (11 bytes)
Event: 5.815 Thread 0x000001da4bb104e0 nmethod 3014 0x000001da3899d510 code [0x000001da3899d680, 0x000001da3899d6f8]
Event: 5.815 Thread 0x000001da4bb104e0 2994       4       org.jetbrains.kotlin.protobuf.ByteString$Output::flushLastBuffer (96 bytes)
Event: 5.815 Thread 0x000001da480397e0 nmethod 2987 0x000001da312dfd90 code [0x000001da312dff40, 0x000001da312e0148]
Event: 5.816 Thread 0x000001da480397e0 3022       3       org.jetbrains.kotlin.metadata.ProtoBuf$ValueParameter::hasName (16 bytes)
Event: 5.816 Thread 0x000001da480397e0 nmethod 3022 0x000001da312e0290 code [0x000001da312e0420, 0x000001da312e0598]
Event: 5.816 Thread 0x000001da480397e0 3023       3       org.jetbrains.kotlin.metadata.ProtoBuf$ValueParameter::hasType (16 bytes)
Event: 5.816 Thread 0x000001da480397e0 nmethod 3023 0x000001da312e0610 code [0x000001da312e07a0, 0x000001da312e0918]
Event: 5.816 Thread 0x000001da480397e0 3024       3       org.jetbrains.kotlin.metadata.ProtoBuf$ValueParameter::hasVarargElementType (18 bytes)
Event: 5.816 Thread 0x000001da480397e0 nmethod 3024 0x000001da312e0990 code [0x000001da312e0b20, 0x000001da312e0c98]
Event: 5.816 Thread 0x000001da480397e0 2988       3       org.jetbrains.kotlin.metadata.ProtoBuf$QualifiedNameTable$QualifiedName::<init> (7 bytes)
Event: 5.817 Thread 0x000001da480397e0 nmethod 2988 0x000001da312e0d10 code [0x000001da312e0ea0, 0x000001da312e0fe8]
Event: 5.817 Thread 0x000001da480397e0 2996       3       org.jetbrains.kotlin.metadata.ProtoBuf$ValueParameter$1::parsePartialFrom (7 bytes)
Event: 5.817 Thread 0x000001da480397e0 nmethod 2996 0x000001da312e1090 code [0x000001da312e1220, 0x000001da312e1368]
Event: 5.817 Thread 0x000001da480397e0 2997       3       org.jetbrains.kotlin.metadata.ProtoBuf$ValueParameter$1::parsePartialFrom (11 bytes)
Event: 5.817 Thread 0x000001da4bb104e0 nmethod 2994 0x000001da3899d810 code [0x000001da3899d980, 0x000001da3899da58]
Event: 5.818 Thread 0x000001da480397e0 nmethod 2997 0x000001da312e1410 code [0x000001da312e15c0, 0x000001da312e17c8]
Event: 5.818 Thread 0x000001da4bb104e0 2995       4       org.jetbrains.kotlin.protobuf.ByteString::copyFrom (94 bytes)

GC Heap History (19 events):
Event: 1.276 GC heap before
{Heap before GC invocations=0 (full 0):
 garbage-first heap   total 114688K, used 27648K [0x0000000091000000, 0x0000000100000000)
  region size 1024K, 23 young (23552K), 0 survivors (0K)
 Metaspace       used 13307K, committed 13440K, reserved 1064960K
  class space    used 1279K, committed 1344K, reserved 1048576K
}
Event: 1.283 GC heap after
{Heap after GC invocations=1 (full 0):
 garbage-first heap   total 114688K, used 6899K [0x0000000091000000, 0x0000000100000000)
  region size 1024K, 3 young (3072K), 3 survivors (3072K)
 Metaspace       used 13307K, committed 13440K, reserved 1064960K
  class space    used 1279K, committed 1344K, reserved 1048576K
}
Event: 2.459 GC heap before
{Heap before GC invocations=1 (full 0):
 garbage-first heap   total 114688K, used 37619K [0x0000000091000000, 0x0000000100000000)
  region size 1024K, 34 young (34816K), 3 survivors (3072K)
 Metaspace       used 21336K, committed 21504K, reserved 1073152K
  class space    used 2375K, committed 2432K, reserved 1048576K
}
Event: 2.486 GC heap after
{Heap after GC invocations=2 (full 0):
 garbage-first heap   total 114688K, used 10454K [0x0000000091000000, 0x0000000100000000)
  region size 1024K, 4 young (4096K), 4 survivors (4096K)
 Metaspace       used 21336K, committed 21504K, reserved 1073152K
  class space    used 2375K, committed 2432K, reserved 1048576K
}
Event: 3.069 GC heap before
{Heap before GC invocations=3 (full 0):
 garbage-first heap   total 40960K, used 32982K [0x0000000091000000, 0x0000000100000000)
  region size 1024K, 23 young (23552K), 4 survivors (4096K)
 Metaspace       used 26111K, committed 26368K, reserved 1073152K
  class space    used 2933K, committed 3072K, reserved 1048576K
}
Event: 3.088 GC heap after
{Heap after GC invocations=4 (full 0):
 garbage-first heap   total 45056K, used 20693K [0x0000000091000000, 0x0000000100000000)
  region size 1024K, 3 young (3072K), 3 survivors (3072K)
 Metaspace       used 26111K, committed 26368K, reserved 1073152K
  class space    used 2933K, committed 3072K, reserved 1048576K
}
Event: 3.166 GC heap before
{Heap before GC invocations=4 (full 0):
 garbage-first heap   total 45056K, used 21717K [0x0000000091000000, 0x0000000100000000)
  region size 1024K, 4 young (4096K), 3 survivors (3072K)
 Metaspace       used 27255K, committed 27456K, reserved 1073152K
  class space    used 3047K, committed 3136K, reserved 1048576K
}
Event: 3.175 GC heap after
{Heap after GC invocations=5 (full 0):
 garbage-first heap   total 45056K, used 21858K [0x0000000091000000, 0x0000000100000000)
  region size 1024K, 1 young (1024K), 1 survivors (1024K)
 Metaspace       used 27255K, committed 27456K, reserved 1073152K
  class space    used 3047K, committed 3136K, reserved 1048576K
}
Event: 3.455 GC heap before
{Heap before GC invocations=5 (full 0):
 garbage-first heap   total 45056K, used 29026K [0x0000000091000000, 0x0000000100000000)
  region size 1024K, 9 young (9216K), 1 survivors (1024K)
 Metaspace       used 29556K, committed 29824K, reserved 1081344K
  class space    used 3342K, committed 3456K, reserved 1048576K
}
Event: 3.459 GC heap after
{Heap after GC invocations=6 (full 0):
 garbage-first heap   total 45056K, used 21963K [0x0000000091000000, 0x0000000100000000)
  region size 1024K, 1 young (1024K), 1 survivors (1024K)
 Metaspace       used 29556K, committed 29824K, reserved 1081344K
  class space    used 3342K, committed 3456K, reserved 1048576K
}
Event: 3.918 GC heap before
{Heap before GC invocations=7 (full 0):
 garbage-first heap   total 45056K, used 29131K [0x0000000091000000, 0x0000000100000000)
  region size 1024K, 11 young (11264K), 1 survivors (1024K)
 Metaspace       used 32696K, committed 33024K, reserved 1081344K
  class space    used 4019K, committed 4160K, reserved 1048576K
}
Event: 3.923 GC heap after
{Heap after GC invocations=8 (full 0):
 garbage-first heap   total 64512K, used 21093K [0x0000000091000000, 0x0000000100000000)
  region size 1024K, 2 young (2048K), 2 survivors (2048K)
 Metaspace       used 32696K, committed 33024K, reserved 1081344K
  class space    used 4019K, committed 4160K, reserved 1048576K
}
Event: 3.963 GC heap before
{Heap before GC invocations=8 (full 0):
 garbage-first heap   total 64512K, used 22117K [0x0000000091000000, 0x0000000100000000)
  region size 1024K, 3 young (3072K), 2 survivors (2048K)
 Metaspace       used 32704K, committed 33024K, reserved 1081344K
  class space    used 4019K, committed 4160K, reserved 1048576K
}
Event: 3.967 GC heap after
{Heap after GC invocations=9 (full 0):
 garbage-first heap   total 64512K, used 20479K [0x0000000091000000, 0x0000000100000000)
  region size 1024K, 1 young (1024K), 1 survivors (1024K)
 Metaspace       used 32704K, committed 33024K, reserved 1081344K
  class space    used 4019K, committed 4160K, reserved 1048576K
}
Event: 4.554 GC heap before
{Heap before GC invocations=9 (full 0):
 garbage-first heap   total 64512K, used 46079K [0x0000000091000000, 0x0000000100000000)
  region size 1024K, 25 young (25600K), 1 survivors (1024K)
 Metaspace       used 35628K, committed 35904K, reserved 1081344K
  class space    used 4558K, committed 4672K, reserved 1048576K
}
Event: 4.567 GC heap after
{Heap after GC invocations=10 (full 0):
 garbage-first heap   total 64512K, used 25900K [0x0000000091000000, 0x0000000100000000)
  region size 1024K, 4 young (4096K), 4 survivors (4096K)
 Metaspace       used 35628K, committed 35904K, reserved 1081344K
  class space    used 4558K, committed 4672K, reserved 1048576K
}
Event: 5.198 GC heap before
{Heap before GC invocations=10 (full 0):
 garbage-first heap   total 64512K, used 47404K [0x0000000091000000, 0x0000000100000000)
  region size 1024K, 25 young (25600K), 4 survivors (4096K)
 Metaspace       used 39785K, committed 40064K, reserved 1089536K
  class space    used 5026K, committed 5120K, reserved 1048576K
}
Event: 5.208 GC heap after
{Heap after GC invocations=11 (full 0):
 garbage-first heap   total 64512K, used 26571K [0x0000000091000000, 0x0000000100000000)
  region size 1024K, 3 young (3072K), 3 survivors (3072K)
 Metaspace       used 39785K, committed 40064K, reserved 1089536K
  class space    used 5026K, committed 5120K, reserved 1048576K
}
Event: 5.818 GC heap before
{Heap before GC invocations=11 (full 0):
 garbage-first heap   total 64512K, used 46027K [0x0000000091000000, 0x0000000100000000)
  region size 1024K, 23 young (23552K), 3 survivors (3072K)
 Metaspace       used 43811K, committed 44096K, reserved 1089536K
  class space    used 5364K, committed 5504K, reserved 1048576K
}

Dll operation events (2 events):
Event: 0.012 Loaded shared library C:\Program Files\Android\Android Studio\jbr\bin\java.dll
Event: 2.185 Loaded shared library C:\Program Files\Android\Android Studio\jbr\bin\verify.dll

Deoptimization events (20 events):
Event: 5.625 Thread 0x000001da2c0e6b30 Uncommon trap: trap_request=0xffffffbe fr.pc=0x000001da38998238 relative=0x0000000000000198
Event: 5.625 Thread 0x000001da2c0e6b30 Uncommon trap: reason=profile_predicate action=maybe_recompile pc=0x000001da38998238 method=java.util.LinkedHashMap.valuesToArray([Ljava/lang/Object;)[Ljava/lang/Object; @ 12 c2
Event: 5.625 Thread 0x000001da2c0e6b30 DEOPT PACKING pc=0x000001da38998238 sp=0x00000030e2dfd100
Event: 5.625 Thread 0x000001da2c0e6b30 DEOPT UNPACKING pc=0x000001da383269a3 sp=0x00000030e2dfd0b8 mode 2
Event: 5.683 Thread 0x000001da2c0e6b30 Uncommon trap: trap_request=0xffffffd6 fr.pc=0x000001da38998c00 relative=0x0000000000000360
Event: 5.683 Thread 0x000001da2c0e6b30 Uncommon trap: reason=array_check action=maybe_recompile pc=0x000001da38998c00 method=java.util.LinkedHashMap.valuesToArray([Ljava/lang/Object;)[Ljava/lang/Object; @ 25 c2
Event: 5.683 Thread 0x000001da2c0e6b30 DEOPT PACKING pc=0x000001da38998c00 sp=0x00000030e2dfd050
Event: 5.683 Thread 0x000001da2c0e6b30 DEOPT UNPACKING pc=0x000001da383269a3 sp=0x00000030e2dfcff8 mode 2
Event: 5.683 Thread 0x000001da2c0e6b30 Uncommon trap: trap_request=0xffffffd6 fr.pc=0x000001da38998c00 relative=0x0000000000000360
Event: 5.683 Thread 0x000001da2c0e6b30 Uncommon trap: reason=array_check action=maybe_recompile pc=0x000001da38998c00 method=java.util.LinkedHashMap.valuesToArray([Ljava/lang/Object;)[Ljava/lang/Object; @ 25 c2
Event: 5.683 Thread 0x000001da2c0e6b30 DEOPT PACKING pc=0x000001da38998c00 sp=0x00000030e2dfd050
Event: 5.683 Thread 0x000001da2c0e6b30 DEOPT UNPACKING pc=0x000001da383269a3 sp=0x00000030e2dfcff8 mode 2
Event: 5.683 Thread 0x000001da2c0e6b30 Uncommon trap: trap_request=0xffffffd6 fr.pc=0x000001da38998c00 relative=0x0000000000000360
Event: 5.683 Thread 0x000001da2c0e6b30 Uncommon trap: reason=array_check action=maybe_recompile pc=0x000001da38998c00 method=java.util.LinkedHashMap.valuesToArray([Ljava/lang/Object;)[Ljava/lang/Object; @ 25 c2
Event: 5.683 Thread 0x000001da2c0e6b30 DEOPT PACKING pc=0x000001da38998c00 sp=0x00000030e2dfd050
Event: 5.683 Thread 0x000001da2c0e6b30 DEOPT UNPACKING pc=0x000001da383269a3 sp=0x00000030e2dfcff8 mode 2
Event: 5.689 Thread 0x000001da2c0e6b30 Uncommon trap: trap_request=0xffffffd6 fr.pc=0x000001da38998c00 relative=0x0000000000000360
Event: 5.689 Thread 0x000001da2c0e6b30 Uncommon trap: reason=array_check action=maybe_recompile pc=0x000001da38998c00 method=java.util.LinkedHashMap.valuesToArray([Ljava/lang/Object;)[Ljava/lang/Object; @ 25 c2
Event: 5.689 Thread 0x000001da2c0e6b30 DEOPT PACKING pc=0x000001da38998c00 sp=0x00000030e2dfcf80
Event: 5.689 Thread 0x000001da2c0e6b30 DEOPT UNPACKING pc=0x000001da383269a3 sp=0x00000030e2dfcf28 mode 2

Classes unloaded (0 events):
No events

Classes redefined (0 events):
No events

Internal exceptions (20 events):
Event: 2.021 Thread 0x000001da2c0e6b30 Exception <a 'java/lang/NoSuchMethodError'{0x0000000096efe128}: 'long java.lang.invoke.Invokers$Holder.invoke_MT(java.lang.Object, java.lang.Object, java.lang.Object, java.lang.Object)'> (0x0000000096efe128) 
thrown [s\src\hotspot\share\interpreter\linkResolver.cpp, line 771]
Event: 2.023 Thread 0x000001da2c0e6b30 Exception <a 'java/lang/NoSuchMethodError'{0x0000000096d09fe8}: 'int java.lang.invoke.DirectMethodHandle$Holder.invokeSpecial(java.lang.Object, java.lang.Object, java.lang.Object)'> (0x0000000096d09fe8) 
thrown [s\src\hotspot\share\interpreter\linkResolver.cpp, line 771]
Event: 2.024 Thread 0x000001da2c0e6b30 Exception <a 'java/lang/NoSuchMethodError'{0x0000000096d0e018}: 'int java.lang.invoke.DirectMethodHandle$Holder.invokeSpecial(java.lang.Object, java.lang.Object, java.lang.Object, java.lang.Object)'> (0x0000000096d0e018) 
thrown [s\src\hotspot\share\interpreter\linkResolver.cpp, line 771]
Event: 2.024 Thread 0x000001da2c0e6b30 Exception <a 'java/lang/NoSuchMethodError'{0x0000000096d11680}: 'int java.lang.invoke.Invokers$Holder.invoke_MT(java.lang.Object, java.lang.Object, java.lang.Object, java.lang.Object)'> (0x0000000096d11680) 
thrown [s\src\hotspot\share\interpreter\linkResolver.cpp, line 771]
Event: 2.026 Thread 0x000001da2c0e6b30 Exception <a 'java/lang/NoSuchMethodError'{0x0000000096d212a0}: 'int java.lang.invoke.DelegatingMethodHandle$Holder.reinvoke_L(java.lang.Object, java.lang.Object, java.lang.Object, long, int)'> (0x0000000096d212a0) 
thrown [s\src\hotspot\share\interpreter\linkResolver.cpp, line 771]
Event: 2.192 Thread 0x000001da2c0e6b30 Exception <a 'java/lang/NoSuchMethodError'{0x0000000096a97898}: 'java.lang.Object java.lang.invoke.DirectMethodHandle$Holder.invokeStaticInit(java.lang.Object)'> (0x0000000096a97898) 
thrown [s\src\hotspot\share\interpreter\linkResolver.cpp, line 771]
Event: 2.589 Thread 0x000001da2c0e6b30 Exception <a 'java/lang/NoSuchMethodError'{0x0000000093153ec8}: 'java.lang.Object java.lang.invoke.DirectMethodHandle$Holder.invokeStaticInit(java.lang.Object, int)'> (0x0000000093153ec8) 
thrown [s\src\hotspot\share\interpreter\linkResolver.cpp, line 771]
Event: 2.604 Thread 0x000001da2c0e6b30 Exception <a 'java/lang/NoSuchMethodError'{0x00000000931d5088}: 'void java.lang.invoke.DirectMethodHandle$Holder.invokeStatic(java.lang.Object, java.lang.Object)'> (0x00000000931d5088) 
thrown [s\src\hotspot\share\interpreter\linkResolver.cpp, line 771]
Event: 2.635 Thread 0x000001da2c0e6b30 Exception <a 'java/lang/NoSuchMethodError'{0x00000000930fa7f0}: 'long java.lang.invoke.DirectMethodHandle$Holder.invokeStatic(java.lang.Object)'> (0x00000000930fa7f0) 
thrown [s\src\hotspot\share\interpreter\linkResolver.cpp, line 771]
Event: 2.636 Thread 0x000001da2c0e6b30 Exception <a 'java/lang/NoSuchMethodError'{0x00000000930fdf48}: 'long java.lang.invoke.DirectMethodHandle$Holder.invokeStaticInit(java.lang.Object)'> (0x00000000930fdf48) 
thrown [s\src\hotspot\share\interpreter\linkResolver.cpp, line 771]
Event: 2.739 Thread 0x000001da2c0e6b30 Exception <a 'java/lang/NoSuchMethodError'{0x0000000092cd1610}: 'int java.lang.invoke.DirectMethodHandle$Holder.invokeStaticInit(java.lang.Object, java.lang.Object, java.lang.Object)'> (0x0000000092cd1610) 
thrown [s\src\hotspot\share\interpreter\linkResolver.cpp, line 771]
Event: 2.747 Thread 0x000001da2c0e6b30 Exception <a 'java/lang/NoSuchMethodError'{0x0000000092cf8cc8}: 'int java.lang.invoke.DirectMethodHandle$Holder.invokeStaticInit(java.lang.Object, java.lang.Object)'> (0x0000000092cf8cc8) 
thrown [s\src\hotspot\share\interpreter\linkResolver.cpp, line 771]
Event: 2.772 Thread 0x000001da2c0e6b30 Exception <a 'java/lang/NoSuchMethodError'{0x0000000092bd3da0}: 'void java.lang.invoke.DirectMethodHandle$Holder.invokeSpecial(java.lang.Object, java.lang.Object, java.lang.Object)'> (0x0000000092bd3da0) 
thrown [s\src\hotspot\share\interpreter\linkResolver.cpp, line 771]
Event: 3.212 Thread 0x000001da2c0e6b30 Exception <a 'java/lang/NoSuchMethodError'{0x0000000097f996b8}: 'void java.lang.invoke.DirectMethodHandle$Holder.invokeStatic(java.lang.Object, java.lang.Object, java.lang.Object, java.lang.Object)'> (0x0000000097f996b8) 
thrown [s\src\hotspot\share\interpreter\linkResolver.cpp, line 771]
Event: 3.335 Thread 0x000001da2c0e6b30 Exception <a 'java/lang/NoSuchMethodError'{0x000000009334cbe8}: 'void java.lang.invoke.DirectMethodHandle$Holder.invokeStaticInit(java.lang.Object, java.lang.Object)'> (0x000000009334cbe8) 
thrown [s\src\hotspot\share\interpreter\linkResolver.cpp, line 771]
Event: 3.488 Thread 0x000001da2c0e6b30 Exception <a 'java/lang/NoSuchMethodError'{0x0000000097fadcd0}: 'void java.lang.invoke.DirectMethodHandle$Holder.invokeVirtual(java.lang.Object, java.lang.Object)'> (0x0000000097fadcd0) 
thrown [s\src\hotspot\share\interpreter\linkResolver.cpp, line 771]
Event: 3.502 Thread 0x000001da2c0e6b30 Exception <a 'java/lang/NoSuchMethodError'{0x0000000097fff778}: 'int java.lang.invoke.DirectMethodHandle$Holder.invokeVirtual(java.lang.Object, java.lang.Object)'> (0x0000000097fff778) 
thrown [s\src\hotspot\share\interpreter\linkResolver.cpp, line 771]
Event: 3.527 Thread 0x000001da2c0e6b30 Exception <a 'java/lang/NoSuchMethodError'{0x00000000fffb22d0}: 'java.lang.Object java.lang.invoke.Invokers$Holder.invokeExact_MT(java.lang.Object, java.lang.Object, java.lang.Object, java.lang.Object, java.lang.Object, java.lang.Object)'> (0x00000000fffb22d0) 
thrown [s\src\hotspot\share\interpreter\linkResolver.cpp, line 771]
Event: 3.789 Thread 0x000001da2c0e6b30 Exception <a 'java/lang/NoSuchMethodError'{0x0000000095a05f10}: 'java.lang.Object java.lang.invoke.Invokers$Holder.invoke_MT(java.lang.Object, java.lang.Object, java.lang.Object)'> (0x0000000095a05f10) 
thrown [s\src\hotspot\share\interpreter\linkResolver.cpp, line 771]
Event: 4.888 Thread 0x000001da2c0e6b30 Exception <a 'java/lang/NoSuchMethodError'{0x000000009444dce0}: 'java.lang.Object java.lang.invoke.DirectMethodHandle$Holder.invokeVirtual(java.lang.Object, java.lang.Object, java.lang.Object)'> (0x000000009444dce0) 
thrown [s\src\hotspot\share\interpreter\linkResolver.cpp, line 771]

VM Operations (20 events):
Event: 3.273 Executing VM operation: HandshakeAllThreads done
Event: 3.455 Executing VM operation: G1CollectForAllocation
Event: 3.459 Executing VM operation: G1CollectForAllocation done
Event: 3.477 Executing VM operation: G1Concurrent
Event: 3.480 Executing VM operation: G1Concurrent done
Event: 3.487 Executing VM operation: G1Concurrent
Event: 3.487 Executing VM operation: G1Concurrent done
Event: 3.918 Executing VM operation: G1CollectForAllocation
Event: 3.923 Executing VM operation: G1CollectForAllocation done
Event: 3.963 Executing VM operation: G1CollectForAllocation
Event: 3.967 Executing VM operation: G1CollectForAllocation done
Event: 4.052 Executing VM operation: HandshakeAllThreads
Event: 4.052 Executing VM operation: HandshakeAllThreads done
Event: 4.553 Executing VM operation: G1CollectForAllocation
Event: 4.567 Executing VM operation: G1CollectForAllocation done
Event: 5.198 Executing VM operation: G1CollectForAllocation
Event: 5.208 Executing VM operation: G1CollectForAllocation done
Event: 5.554 Executing VM operation: HandshakeAllThreads
Event: 5.554 Executing VM operation: HandshakeAllThreads done
Event: 5.818 Executing VM operation: G1CollectForAllocation

Events (20 events):
Event: 5.276 loading class sun/reflect/generics/tree/BottomSignature
Event: 5.276 loading class sun/reflect/generics/tree/BottomSignature done
Event: 5.276 loading class sun/reflect/generics/tree/Wildcard
Event: 5.276 loading class sun/reflect/generics/tree/Wildcard done
Event: 5.276 loading class sun/reflect/generics/tree/VoidDescriptor
Event: 5.276 loading class sun/reflect/generics/tree/VoidDescriptor done
Event: 5.276 loading class sun/reflect/generics/tree/MethodTypeSignature
Event: 5.276 loading class sun/reflect/generics/tree/MethodTypeSignature done
Event: 5.276 loading class sun/reflect/generics/reflectiveObjects/WildcardTypeImpl
Event: 5.277 loading class java/lang/reflect/WildcardType
Event: 5.277 loading class java/lang/reflect/WildcardType done
Event: 5.277 loading class sun/reflect/generics/reflectiveObjects/WildcardTypeImpl done
Event: 5.277 loading class java/util/function/IntFunction
Event: 5.277 loading class java/util/function/IntFunction done
Event: 5.398 loading class java/lang/TypeNotPresentException
Event: 5.398 loading class java/lang/TypeNotPresentException done
Event: 5.553 loading class sun/reflect/generics/scope/MethodScope
Event: 5.553 loading class sun/reflect/generics/scope/MethodScope done
Event: 5.553 loading class sun/reflect/generics/repository/MethodRepository
Event: 5.553 loading class sun/reflect/generics/repository/MethodRepository done


Dynamic libraries:
0x00007ff7f5d50000 - 0x00007ff7f5d5a000 	C:\Program Files\Android\Android Studio\jbr\bin\java.exe
0x00007ffe70430000 - 0x00007ffe70644000 	C:\Windows\SYSTEM32\ntdll.dll
0x00007ffe6f5a0000 - 0x00007ffe6f662000 	C:\Windows\System32\KERNEL32.DLL
0x00007ffe6dbe0000 - 0x00007ffe6df83000 	C:\Windows\System32\KERNELBASE.dll
0x00007ffe6d830000 - 0x00007ffe6d941000 	C:\Windows\System32\ucrtbase.dll
0x00007ffe65f60000 - 0x00007ffe65f7b000 	C:\Program Files\Android\Android Studio\jbr\bin\VCRUNTIME140.dll
0x00007ffe65f80000 - 0x00007ffe65f97000 	C:\Program Files\Android\Android Studio\jbr\bin\jli.dll
0x00007ffe6f6e0000 - 0x00007ffe6f88a000 	C:\Windows\System32\USER32.dll
0x00007ffe6df90000 - 0x00007ffe6dfb6000 	C:\Windows\System32\win32u.dll
0x00007ffe4f4f0000 - 0x00007ffe4f77e000 	C:\Windows\WinSxS\amd64_microsoft.windows.common-controls_6595b64144ccf1df_6.0.22621.1635_none_270f70857386168e\COMCTL32.dll
0x00007ffe6ef40000 - 0x00007ffe6ef69000 	C:\Windows\System32\GDI32.dll
0x00007ffe701c0000 - 0x00007ffe70267000 	C:\Windows\System32\msvcrt.dll
0x00007ffe6e0f0000 - 0x00007ffe6e209000 	C:\Windows\System32\gdi32full.dll
0x00007ffe6d950000 - 0x00007ffe6d9ea000 	C:\Windows\System32\msvcp_win.dll
0x00007ffe6ecb0000 - 0x00007ffe6ece1000 	C:\Windows\System32\IMM32.DLL
0x00007ffe65d10000 - 0x00007ffe65d1c000 	C:\Program Files\Android\Android Studio\jbr\bin\vcruntime140_1.dll
0x00007ffe5e940000 - 0x00007ffe5e9cd000 	C:\Program Files\Android\Android Studio\jbr\bin\msvcp140.dll
0x00007ffdf4970000 - 0x00007ffdf55dd000 	C:\Program Files\Android\Android Studio\jbr\bin\server\jvm.dll
0x00007ffe6ed00000 - 0x00007ffe6edae000 	C:\Windows\System32\ADVAPI32.dll
0x00007ffe6e260000 - 0x00007ffe6e304000 	C:\Windows\System32\sechost.dll
0x00007ffe700a0000 - 0x00007ffe701b7000 	C:\Windows\System32\RPCRT4.dll
0x00007ffe6b620000 - 0x00007ffe6b654000 	C:\Windows\SYSTEM32\WINMM.dll
0x00007ffe66480000 - 0x00007ffe6648a000 	C:\Windows\SYSTEM32\VERSION.dll
0x00007ffe4bee0000 - 0x00007ffe4bee9000 	C:\Windows\SYSTEM32\WSOCK32.dll
0x00007ffe6f2b0000 - 0x00007ffe6f321000 	C:\Windows\System32\WS2_32.dll
0x00007ffe6c840000 - 0x00007ffe6c858000 	C:\Windows\SYSTEM32\kernel.appcore.dll
0x00007ffe63cb0000 - 0x00007ffe63cba000 	C:\Program Files\Android\Android Studio\jbr\bin\jimage.dll
0x00007ffe6af10000 - 0x00007ffe6b13e000 	C:\Windows\SYSTEM32\DBGHELP.DLL
0x00007ffe6fd10000 - 0x00007ffe70099000 	C:\Windows\System32\combase.dll
0x00007ffe6edd0000 - 0x00007ffe6eea7000 	C:\Windows\System32\OLEAUT32.dll
0x00007ffe61d00000 - 0x00007ffe61d32000 	C:\Windows\SYSTEM32\dbgcore.DLL
0x00007ffe6db60000 - 0x00007ffe6dbda000 	C:\Windows\System32\bcryptPrimitives.dll
0x00007ffe49b50000 - 0x00007ffe49b75000 	C:\Program Files\Android\Android Studio\jbr\bin\java.dll
0x00007ffe5f340000 - 0x00007ffe5f358000 	C:\Program Files\Android\Android Studio\jbr\bin\zip.dll
0x00007ffe6e410000 - 0x00007ffe6ec09000 	C:\Windows\System32\SHELL32.dll
0x00007ffe6b7d0000 - 0x00007ffe6c09e000 	C:\Windows\SYSTEM32\windows.storage.dll
0x00007ffe6b690000 - 0x00007ffe6b7ce000 	C:\Windows\SYSTEM32\wintypes.dll
0x00007ffe6e310000 - 0x00007ffe6e401000 	C:\Windows\System32\SHCORE.dll
0x00007ffe6f240000 - 0x00007ffe6f29e000 	C:\Windows\System32\shlwapi.dll
0x00007ffe6d760000 - 0x00007ffe6d786000 	C:\Windows\SYSTEM32\profapi.dll
0x00007ffe49c80000 - 0x00007ffe49c99000 	C:\Program Files\Android\Android Studio\jbr\bin\net.dll
0x00007ffe64a60000 - 0x00007ffe64b97000 	C:\Windows\SYSTEM32\WINHTTP.dll
0x00007ffe6ccd0000 - 0x00007ffe6cd39000 	C:\Windows\system32\mswsock.dll
0x00007ffe49b00000 - 0x00007ffe49b16000 	C:\Program Files\Android\Android Studio\jbr\bin\nio.dll
0x00007ffe49a90000 - 0x00007ffe49aa0000 	C:\Program Files\Android\Android Studio\jbr\bin\verify.dll

dbghelp: loaded successfully - version: 4.0.5 - missing functions: none
symbol engine: initialized successfully - sym options: 0x614 - pdb path: .;C:\Program Files\Android\Android Studio\jbr\bin;C:\Windows\SYSTEM32;C:\Windows\WinSxS\amd64_microsoft.windows.common-controls_6595b64144ccf1df_6.0.22621.1635_none_270f70857386168e;C:\Program Files\Android\Android Studio\jbr\bin\server

VM Arguments:
java_command: org.jetbrains.kotlin.cli.jvm.K2JVMCompiler @E:\MVI\app\build\20230718_14259001835094233957.compiler.options
java_class_path (initial): C:\Users\biswa\.gradle\caches\modules-2\files-2.1\org.jetbrains.kotlin\kotlin-compiler-embeddable\1.8.20\78d9baa57f65babf9e0a93e51f62f26f5f35ac3e\kotlin-compiler-embeddable-1.8.20.jar;C:\Users\biswa\.gradle\caches\modules-2\files-2.1\org.jetbrains.kotlin\kotlin-stdlib\1.8.20\e72fc5e03ec6c064c678a6bd0d955c88d55b0c4a\kotlin-stdlib-1.8.20.jar;C:\Users\biswa\.gradle\caches\modules-2\files-2.1\org.jetbrains.kotlin\kotlin-script-runtime\1.8.20\c850771e723701f9d63dbcf641429c0f29290074\kotlin-script-runtime-1.8.20.jar;C:\Users\biswa\.gradle\caches\modules-2\files-2.1\org.jetbrains.kotlin\kotlin-reflect\1.6.10\1cbe9c92c12a94eea200d23c2bbaedaf3daf5132\kotlin-reflect-1.6.10.jar;C:\Users\biswa\.gradle\caches\modules-2\files-2.1\org.jetbrains.kotlin\kotlin-daemon-embeddable\1.8.20\c1b808fbe5fee60bd0504a54778120ef40f383d4\kotlin-daemon-embeddable-1.8.20.jar;C:\Users\biswa\.gradle\caches\modules-2\files-2.1\org.jetbrains.intellij.deps\trove4j\1.0.20200330\3afb14d5f9ceb459d724e907a21145e8ff394f02\trove4j-1.0.20200330.jar;C:\Users\biswa\.gradle\caches\modules-2\files-2.1\net.java.dev.jna\jna\5.6.0\330f2244e9030119ab3030fc3fededc86713d9cc\jna-5.6.0.jar;C:\Users\biswa\.gradle\caches\modules-2\files-2.1\org.jetbrains.kotlin\kotlin-stdlib-common\1.8.20\5eddaaf234c8c49d03eebeb6a14feb7f90faca71\kotlin-stdlib-common-1.8.20.jar;C:\Users\biswa\.gradle\caches\modules-2\files-2.1\org.jetbrains\annotations\13.0\919f0dfe192fb4e063e7dacadee7f8bb9a2672a9\annotations-13.0.jar
Launcher Type: SUN_STANDARD

[Global flags]
     intx CICompilerCount                          = 4                                         {product} {ergonomic}
     uint ConcGCThreads                            = 2                                         {product} {ergonomic}
     uint G1ConcRefinementThreads                  = 8                                         {product} {ergonomic}
   size_t G1HeapRegionSize                         = 1048576                                   {product} {ergonomic}
    uintx GCDrainStackTargetSize                   = 64                                        {product} {ergonomic}
   size_t InitialHeapSize                          = 117440512                                 {product} {ergonomic}
   size_t MarkStackSize                            = 4194304                                   {product} {ergonomic}
   size_t MaxHeapSize                              = 1862270976                                {product} {ergonomic}
   size_t MaxNewSize                               = 1116733440                                {product} {ergonomic}
   size_t MinHeapDeltaBytes                        = 1048576                                   {product} {ergonomic}
   size_t MinHeapSize                              = 8388608                                   {product} {ergonomic}
    uintx NonNMethodCodeHeapSize                   = 5839372                                {pd product} {ergonomic}
    uintx NonProfiledCodeHeapSize                  = 122909434                              {pd product} {ergonomic}
    uintx ProfiledCodeHeapSize                     = 122909434                              {pd product} {ergonomic}
    uintx ReservedCodeCacheSize                    = 251658240                              {pd product} {ergonomic}
     bool SegmentedCodeCache                       = true                                      {product} {ergonomic}
   size_t SoftMaxHeapSize                          = 1862270976                             {manageable} {ergonomic}
     bool UseCompressedClassPointers               = true                           {product lp64_product} {ergonomic}
     bool UseCompressedOops                        = true                           {product lp64_product} {ergonomic}
     bool UseG1GC                                  = true                                      {product} {ergonomic}
     bool UseLargePagesIndividualAllocation        = false                                  {pd product} {ergonomic}

Logging:
Log output configuration:
 #0: stdout all=warning uptime,level,tags
 #1: stderr all=off uptime,level,tags

Environment Variables:
PATH=C:\Program Files\Common Files\Oracle\Java\javapath;C:\Windows\system32;C:\Windows;C:\Windows\System32\Wbem;C:\Windows\System32\WindowsPowerShell\v1.0\;C:\Windows\System32\OpenSSH\;C:\Program Files\Git\cmd;C:\Program Files\Java\jdk-20\bin;C:\Program Files\nodejs\;C:\Program Files\MongoDB\mongosh-1.9.0-win32-x64\bin;C:\Users\biswa\AppData\Local\Microsoft\WindowsApps;C:\Users\biswa\AppData\Local\Programs\Microsoft VS Code\bin;C:\Program Files\JetBrains\IntelliJ IDEA Community Edition 2023.1\bin;;C:\Program Files\Java\jdk-20\bin;C:\Flex Windows\gcc\bin;C:\Flex Windows\Lex\bin;C:\Flex Windows\bison\bin;E:\platform-tools;C:\Users\biswa\AppData\Roaming\npm
USERNAME=biswa
OS=Windows_NT
PROCESSOR_IDENTIFIER=AMD64 Family 23 Model 24 Stepping 1, AuthenticAMD
TMP=C:\Users\biswa\AppData\Local\Temp
TEMP=C:\Users\biswa\AppData\Local\Temp



---------------  S Y S T E M  ---------------

OS:
 Windows 11 , 64 bit Build 22621 (10.0.22621.1928)
OS uptime: 5 days 21:07 hours
Hyper-V role detected

CPU: total 8 (initial active 8) (8 cores per cpu, 2 threads per core) family 23 model 24 stepping 1 microcode 0x0, cx8, cmov, fxsr, ht, mmx, 3dnowpref, sse, sse2, sse3, ssse3, sse4a, sse4.1, sse4.2, popcnt, lzcnt, tsc, tscinvbit, avx, avx2, aes, clmul, bmi1, bmi2, adx, sha, fma, vzeroupper, clflush, clflushopt, hv

Memory: 4k page, system-wide physical 7103M (387M free)
TotalPageFile size 27583M (AvailPageFile size 18M)
current process WorkingSet (physical memory assigned to process): 184M, peak: 186M
current process commit charge ("private bytes"): 221M, peak: 240M

vm_info: OpenJDK 64-Bit Server VM (17.0.6+0-b2043.56-9586694) for windows-amd64 JRE (17.0.6+0-b2043.56-9586694), built on Feb  9 2023 20:06:20 by "androidbuild" with MS VC++ 16.10 / 16.11 (VS2019)

END.
